

<!DOCTYPE html>
<html>
<head>
<meta charset="UTF-8">
<meta name="viewport" content="width=device-width, initial-scale=1, shrink-to-fit=no">
<title>Automation Report</title>
<link rel="apple-touch-icon" href="https://cdn.jsdelivr.net/gh/extent-framework/extent-github-cdn@b00a2d0486596e73dd7326beacf352c639623a0e/commons/img/logo.png">
<link rel="shortcut icon" href="https://cdn.jsdelivr.net/gh/extent-framework/extent-github-cdn@b00a2d0486596e73dd7326beacf352c639623a0e/commons/img/logo.png">
<link href="https://cdn.jsdelivr.net/gh/extent-framework/extent-github-cdn@d6562a79075e061305ccfdb82f01e5e195e2d307/spark/css/spark-style.css" rel="stylesheet" />
<link href="https://stackpath.bootstrapcdn.com/font-awesome/4.7.0/css/font-awesome.min.css" rel="stylesheet">
<script src="https://cdn.rawgit.com/extent-framework/extent-github-cdn/7cc78ce/spark/js/jsontree.js"></script>
<style type="text/css"></style></head><body class="spa -report dark">
  <div class="app">
    <div class="layout">
<div class="header navbar">
<div class="vheader">
<div class="nav-logo">
<a href="#">
<div class="logo" style="background-image: url('https://cdn.jsdelivr.net/gh/extent-framework/extent-github-cdn@b00a2d0486596e73dd7326beacf352c639623a0e/commons/img/logo.png')"></div>
</a>
</div>
<ul class="nav-left">
<li class="search-box">
<a class="search-toggle" href="#">
<i class="search-icon fa fa-search"></i>
<i class="search-icon-close fa fa-close"></i>
</a>
</li>
<li class="search-input"><input id="search-tests" class="form-control" type="text" placeholder="Search..."></li>
</ul>
<ul class="nav-right">
<li class="m-r-10">
<a href="#"><span class="badge badge-primary">Nop Commerce</span></a>
</li>
<li class="m-r-10">
<a href="#"><span class="badge badge-primary">Dec 12, 2023 09:38:06 pm</span></a>
</li>
</ul>
</div>
</div><div class="side-nav">
<div class="side-nav-inner">
<ul class="side-nav-menu">
<li class="nav-item dropdown" onclick="toggleView('test-view')">
<a id="nav-test" class="dropdown-toggle" href="#">
<span class="ico"><i class="fa fa-list"></i></span>
</a>
</li>
<li class="nav-item dropdown" onclick="toggleView('dashboard-view')">
<a id="nav-dashboard" class="dropdown-toggle" href="#">
<span class="ico"><i class="fa fa-bar-chart"></i></span>
</a>
</li>
</ul>
</div>
</div>      <div class="vcontainer">
        <div class="main-content">
<div class="test-wrapper row view test-view">
  <div class="test-list">
    <div class="test-list-tools">
<ul class="tools pull-left">
<li><a href="#"><span class="font-size-14">Tests</span></a></li>
</ul>
<ul class="tools text-right">
<li class="dropdown">
<a href="#" class="dropdown-toggle" data-toggle="dropdown"><i class="fa fa-exclamation-circle"></i></a>
<ul id="status-toggle" class="dropdown-menu dropdown-md p-v-0">
<a class="dropdown-item" status="fail" href="#"><span>Fail</span><span class="status danger"></span></a>
<div class="dropdown-divider"></div>
<a status="clear" class="dropdown-item" href="#"><span>Clear</span><span class="pull-right"><i class="fa fa-close"></i></span></a>
</ul>
</li>
</ul>
</div>    <div class="test-list-wrapper scrollable">
      <ul class="test-list-item">
        <li class="test-item"  status="fail" test-id="1"
          author=""
          tag=""
          device="">
          <div class="test-detail">
            <p class="name">verifyErrorMessageWithInvalidCredentials</p>
            <p class="text-sm">
              <span>21:38:10</span> / <span>00:00:21:078</span>
              <span class="badge fail-bg log float-right">Fail</span>
            </p>
          </div>
          <div class="test-contents d-none">
<div class="detail-head">
<div class="p-v-10">
<div class="info">
<h5 class="test-status text-fail">verifyErrorMessageWithInvalidCredentials</h5>
<span class='badge badge-success'>12.12.2023 21:38:10</span>
<span class='badge badge-danger'>12.12.2023 21:38:31</span>
<span class='badge badge-default'>00:00:21:078</span>
&middot; <span class='uri-anchor badge badge-default'>#test-id=1</span>
<span class='badge badge-default pointer float-right ml-1 et'><i class="fa fa-chevron-down"></i></span>
<span class='badge badge-default pointer float-right ct'><i class="fa fa-chevron-up"></i></span>
</div>
</div>
</div>    <div class="row mb-3"><div class="col-md-3">
<img data-featherlight='C:\Users\nikhi\IdeaProjects\orange-hrm-live-sw-5/test-output/html/verifyErrorMessageWithInvalidCredentialsTue_Dec_12_21_38_31_GMT_2023.jpg' src="C:\Users\nikhi\IdeaProjects\orange-hrm-live-sw-5/test-output/html/verifyErrorMessageWithInvalidCredentialsTue_Dec_12_21_38_31_GMT_2023.jpg">
    
    </div></div>
<div class="detail-body mt-4">
<table class="table table-sm">
  <thead><tr><th class="status-col">Status</th><th class="timestamp-col">Timestamp</th><th class="details-col">Details</th></tr></thead>
  <tbody>
      <tr class="event-row">
        <td><span class="badge log fail-bg">Fail</span></td>
        <td>21:38:31</td>
        <td>
          TEST FAILED IS verifyErrorMessageWithInvalidCredentials
        </td>
      </tr>
      <tr class="event-row">
        <td><span class="badge log fail-bg">Fail</span></td>
        <td>21:38:31</td>
        <td>
          TEST FAILED IS org.openqa.selenium.NoSuchElementException: no such element: Unable to locate element: {"method":"xpath","selector":"//h6[@class='oxd-text oxd-text--h6 oxd-topbar-header-breadcrumb-module']"}
  (Session info: chrome=120.0.6099.71)
For documentation on this error, please visit: https://www.selenium.dev/documentation/webdriver/troubleshooting/errors#no-such-element-exception
Build info: version: '4.15.0', revision: '1d14b5521b'
System info: os.name: 'Windows 11', os.arch: 'amd64', os.version: '10.0', java.version: '17.0.8'
Driver info: org.openqa.selenium.chrome.ChromeDriver
Command: [6d0768b939c28aba4f9372aaadd82454, findElement {using=xpath, value=//h6[@class='oxd-text oxd-text--h6 oxd-topbar-header-breadcrumb-module']}]
Capabilities {acceptInsecureCerts: false, browserName: chrome, browserVersion: 120.0.6099.71, chrome: {chromedriverVersion: 120.0.6099.71 (9729082fe617..., userDataDir: C:\Users\nikhi\AppData\Loca...}, fedcm:accounts: true, goog:chromeOptions: {debuggerAddress: localhost:59767}, networkConnectionEnabled: false, pageLoadStrategy: normal, platformName: windows, proxy: Proxy(), se:cdp: ws://localhost:59767/devtoo..., se:cdpVersion: 120.0.6099.71, setWindowRect: true, strictFileInteractability: false, timeouts: {implicit: 0, pageLoad: 300000, script: 30000}, unhandledPromptBehavior: dismiss and notify, webauthn:extension:credBlob: true, webauthn:extension:largeBlob: true, webauthn:extension:minPinLength: true, webauthn:extension:prf: true, webauthn:virtualAuthenticators: true}
Session ID: 6d0768b939c28aba4f9372aaadd82454
        </td>
      </tr>
  </tbody>
</table>
</div>
          </div>
        </li>
        <li class="test-item"  status="fail" test-id="2"
          author=""
          tag=""
          device="">
          <div class="test-detail">
            <p class="name">verifyThatTheLogoDisplayedOnLoginPage</p>
            <p class="text-sm">
              <span>21:38:34</span> / <span>00:00:00:237</span>
              <span class="badge fail-bg log float-right">Fail</span>
            </p>
          </div>
          <div class="test-contents d-none">
<div class="detail-head">
<div class="p-v-10">
<div class="info">
<h5 class="test-status text-fail">verifyThatTheLogoDisplayedOnLoginPage</h5>
<span class='badge badge-success'>12.12.2023 21:38:34</span>
<span class='badge badge-danger'>12.12.2023 21:38:34</span>
<span class='badge badge-default'>00:00:00:237</span>
&middot; <span class='uri-anchor badge badge-default'>#test-id=2</span>
<span class='badge badge-default pointer float-right ml-1 et'><i class="fa fa-chevron-down"></i></span>
<span class='badge badge-default pointer float-right ct'><i class="fa fa-chevron-up"></i></span>
</div>
</div>
</div>    <div class="row mb-3"><div class="col-md-3">
<img data-featherlight='C:\Users\nikhi\IdeaProjects\orange-hrm-live-sw-5/test-output/html/verifyThatTheLogoDisplayedOnLoginPageTue_Dec_12_21_38_34_GMT_2023.jpg' src="C:\Users\nikhi\IdeaProjects\orange-hrm-live-sw-5/test-output/html/verifyThatTheLogoDisplayedOnLoginPageTue_Dec_12_21_38_34_GMT_2023.jpg">
    
    </div></div>
<div class="detail-body mt-4">
<table class="table table-sm">
  <thead><tr><th class="status-col">Status</th><th class="timestamp-col">Timestamp</th><th class="details-col">Details</th></tr></thead>
  <tbody>
      <tr class="event-row">
        <td><span class="badge log fail-bg">Fail</span></td>
        <td>21:38:34</td>
        <td>
          TEST FAILED IS verifyThatTheLogoDisplayedOnLoginPage
        </td>
      </tr>
      <tr class="event-row">
        <td><span class="badge log fail-bg">Fail</span></td>
        <td>21:38:34</td>
        <td>
          TEST FAILED IS java.lang.ClassCastException: class jdk.proxy2.$Proxy15 cannot be cast to class org.openqa.selenium.By (jdk.proxy2.$Proxy15 is in module jdk.proxy2 of loader 'app'; org.openqa.selenium.By is in unnamed module of loader 'app')
        </td>
      </tr>
  </tbody>
</table>
</div>
          </div>
        </li>
        <li class="test-item"  status="fail" test-id="3"
          author=""
          tag=""
          device="">
          <div class="test-detail">
            <p class="name">verifyUserShouldLoginSuccessfully</p>
            <p class="text-sm">
              <span>21:38:38</span> / <span>00:00:01:937</span>
              <span class="badge fail-bg log float-right">Fail</span>
            </p>
          </div>
          <div class="test-contents d-none">
<div class="detail-head">
<div class="p-v-10">
<div class="info">
<h5 class="test-status text-fail">verifyUserShouldLoginSuccessfully</h5>
<span class='badge badge-success'>12.12.2023 21:38:38</span>
<span class='badge badge-danger'>12.12.2023 21:38:40</span>
<span class='badge badge-default'>00:00:01:937</span>
&middot; <span class='uri-anchor badge badge-default'>#test-id=3</span>
<span class='badge badge-default pointer float-right ml-1 et'><i class="fa fa-chevron-down"></i></span>
<span class='badge badge-default pointer float-right ct'><i class="fa fa-chevron-up"></i></span>
</div>
</div>
</div>    <div class="row mb-3"><div class="col-md-3">
<img data-featherlight='C:\Users\nikhi\IdeaProjects\orange-hrm-live-sw-5/test-output/html/verifyUserShouldLoginSuccessfullyTue_Dec_12_21_38_40_GMT_2023.jpg' src="C:\Users\nikhi\IdeaProjects\orange-hrm-live-sw-5/test-output/html/verifyUserShouldLoginSuccessfullyTue_Dec_12_21_38_40_GMT_2023.jpg">
    
    </div></div>
<div class="detail-body mt-4">
<table class="table table-sm">
  <thead><tr><th class="status-col">Status</th><th class="timestamp-col">Timestamp</th><th class="details-col">Details</th></tr></thead>
  <tbody>
      <tr class="event-row">
        <td><span class="badge log fail-bg">Fail</span></td>
        <td>21:38:39</td>
        <td>
          TEST FAILED IS verifyUserShouldLoginSuccessfully
        </td>
      </tr>
      <tr class="event-row">
        <td><span class="badge log fail-bg">Fail</span></td>
        <td>21:38:39</td>
        <td>
          TEST FAILED IS java.lang.AssertionError: WelCome Text is displayed expected [WelCome] but found [Dashboard]
        </td>
      </tr>
  </tbody>
</table>
</div>
          </div>
        </li>
        <li class="test-item"  status="fail" test-id="4"
          author=""
          tag=""
          device="">
          <div class="test-detail">
            <p class="name">verifyUserShouldLogoutSuccessfully</p>
            <p class="text-sm">
              <span>21:38:42</span> / <span>00:00:24:583</span>
              <span class="badge fail-bg log float-right">Fail</span>
            </p>
          </div>
          <div class="test-contents d-none">
<div class="detail-head">
<div class="p-v-10">
<div class="info">
<h5 class="test-status text-fail">verifyUserShouldLogoutSuccessfully</h5>
<span class='badge badge-success'>12.12.2023 21:38:42</span>
<span class='badge badge-danger'>12.12.2023 21:39:07</span>
<span class='badge badge-default'>00:00:24:583</span>
&middot; <span class='uri-anchor badge badge-default'>#test-id=4</span>
<span class='badge badge-default pointer float-right ml-1 et'><i class="fa fa-chevron-down"></i></span>
<span class='badge badge-default pointer float-right ct'><i class="fa fa-chevron-up"></i></span>
</div>
</div>
</div>    <div class="row mb-3"><div class="col-md-3">
<img data-featherlight='C:\Users\nikhi\IdeaProjects\orange-hrm-live-sw-5/test-output/html/verifyUserShouldLogoutSuccessfullyTue_Dec_12_21_39_07_GMT_2023.jpg' src="C:\Users\nikhi\IdeaProjects\orange-hrm-live-sw-5/test-output/html/verifyUserShouldLogoutSuccessfullyTue_Dec_12_21_39_07_GMT_2023.jpg">
    
    </div></div>
<div class="detail-body mt-4">
<table class="table table-sm">
  <thead><tr><th class="status-col">Status</th><th class="timestamp-col">Timestamp</th><th class="details-col">Details</th></tr></thead>
  <tbody>
      <tr class="event-row">
        <td><span class="badge log fail-bg">Fail</span></td>
        <td>21:39:07</td>
        <td>
          TEST FAILED IS verifyUserShouldLogoutSuccessfully
        </td>
      </tr>
      <tr class="event-row">
        <td><span class="badge log fail-bg">Fail</span></td>
        <td>21:39:07</td>
        <td>
          TEST FAILED IS org.openqa.selenium.NoSuchElementException: no such element: Unable to locate element: {"method":"xpath","selector":"//h5[@class='oxd-text oxd-text--h5 orangehrm-login-title']"}
  (Session info: chrome=120.0.6099.71)
For documentation on this error, please visit: https://www.selenium.dev/documentation/webdriver/troubleshooting/errors#no-such-element-exception
Build info: version: '4.15.0', revision: '1d14b5521b'
System info: os.name: 'Windows 11', os.arch: 'amd64', os.version: '10.0', java.version: '17.0.8'
Driver info: org.openqa.selenium.chrome.ChromeDriver
Command: [1db8006ae42948609b6c55b340afa618, findElement {using=xpath, value=//h5[@class='oxd-text oxd-text--h5 orangehrm-login-title']}]
Capabilities {acceptInsecureCerts: false, browserName: chrome, browserVersion: 120.0.6099.71, chrome: {chromedriverVersion: 120.0.6099.71 (9729082fe617..., userDataDir: C:\Users\nikhi\AppData\Loca...}, fedcm:accounts: true, goog:chromeOptions: {debuggerAddress: localhost:59836}, networkConnectionEnabled: false, pageLoadStrategy: normal, platformName: windows, proxy: Proxy(), se:cdp: ws://localhost:59836/devtoo..., se:cdpVersion: 120.0.6099.71, setWindowRect: true, strictFileInteractability: false, timeouts: {implicit: 0, pageLoad: 300000, script: 30000}, unhandledPromptBehavior: dismiss and notify, webauthn:extension:credBlob: true, webauthn:extension:largeBlob: true, webauthn:extension:minPinLength: true, webauthn:extension:prf: true, webauthn:virtualAuthenticators: true}
Session ID: 1db8006ae42948609b6c55b340afa618
        </td>
      </tr>
  </tbody>
</table>
</div>
          </div>
        </li>
        <li class="test-item"  status="fail" test-id="5"
          author=""
          tag=""
          device="">
          <div class="test-detail">
            <p class="name">adminShouldAddUserSuccessFully</p>
            <p class="text-sm">
              <span>21:39:10</span> / <span>00:00:23:775</span>
              <span class="badge fail-bg log float-right">Fail</span>
            </p>
          </div>
          <div class="test-contents d-none">
<div class="detail-head">
<div class="p-v-10">
<div class="info">
<h5 class="test-status text-fail">adminShouldAddUserSuccessFully</h5>
<span class='badge badge-success'>12.12.2023 21:39:10</span>
<span class='badge badge-danger'>12.12.2023 21:39:34</span>
<span class='badge badge-default'>00:00:23:775</span>
&middot; <span class='uri-anchor badge badge-default'>#test-id=5</span>
<span class='badge badge-default pointer float-right ml-1 et'><i class="fa fa-chevron-down"></i></span>
<span class='badge badge-default pointer float-right ct'><i class="fa fa-chevron-up"></i></span>
</div>
</div>
</div>    <div class="row mb-3"><div class="col-md-3">
<img data-featherlight='C:\Users\nikhi\IdeaProjects\orange-hrm-live-sw-5/test-output/html/adminShouldAddUserSuccessFullyTue_Dec_12_21_39_34_GMT_2023.jpg' src="C:\Users\nikhi\IdeaProjects\orange-hrm-live-sw-5/test-output/html/adminShouldAddUserSuccessFullyTue_Dec_12_21_39_34_GMT_2023.jpg">
    
    </div></div>
<div class="detail-body mt-4">
<table class="table table-sm">
  <thead><tr><th class="status-col">Status</th><th class="timestamp-col">Timestamp</th><th class="details-col">Details</th></tr></thead>
  <tbody>
      <tr class="event-row">
        <td><span class="badge log fail-bg">Fail</span></td>
        <td>21:39:34</td>
        <td>
          TEST FAILED IS adminShouldAddUserSuccessFully
        </td>
      </tr>
      <tr class="event-row">
        <td><span class="badge log fail-bg">Fail</span></td>
        <td>21:39:34</td>
        <td>
          TEST FAILED IS org.openqa.selenium.NoSuchElementException: no such element: Unable to locate element: {"method":"xpath","selector":"//body/div[@id='app']/div[1]/div[2]/div[2]/div[1]/div[1]/div[2]/form[1]/div[1]/div[1]/div[1]/div[1]/div[2]"}
  (Session info: chrome=120.0.6099.71)
For documentation on this error, please visit: https://www.selenium.dev/documentation/webdriver/troubleshooting/errors#no-such-element-exception
Build info: version: '4.15.0', revision: '1d14b5521b'
System info: os.name: 'Windows 11', os.arch: 'amd64', os.version: '10.0', java.version: '17.0.8'
Driver info: org.openqa.selenium.chrome.ChromeDriver
Command: [c646553d49ae97308a9595a89dafd537, findElement {using=xpath, value=//body/div[@id='app']/div[1]/div[2]/div[2]/div[1]/div[1]/div[2]/form[1]/div[1]/div[1]/div[1]/div[1]/div[2]}]
Capabilities {acceptInsecureCerts: false, browserName: chrome, browserVersion: 120.0.6099.71, chrome: {chromedriverVersion: 120.0.6099.71 (9729082fe617..., userDataDir: C:\Users\nikhi\AppData\Loca...}, fedcm:accounts: true, goog:chromeOptions: {debuggerAddress: localhost:59860}, networkConnectionEnabled: false, pageLoadStrategy: normal, platformName: windows, proxy: Proxy(), se:cdp: ws://localhost:59860/devtoo..., se:cdpVersion: 120.0.6099.71, setWindowRect: true, strictFileInteractability: false, timeouts: {implicit: 0, pageLoad: 300000, script: 30000}, unhandledPromptBehavior: dismiss and notify, webauthn:extension:credBlob: true, webauthn:extension:largeBlob: true, webauthn:extension:minPinLength: true, webauthn:extension:prf: true, webauthn:virtualAuthenticators: true}
Session ID: c646553d49ae97308a9595a89dafd537
        </td>
      </tr>
  </tbody>
</table>
</div>
          </div>
        </li>
        <li class="test-item"  status="fail" test-id="6"
          author=""
          tag=""
          device="">
          <div class="test-detail">
            <p class="name">searchTheDeletedUserAndVerifyTheMessageNoRecordFound</p>
            <p class="text-sm">
              <span>21:39:37</span> / <span>00:00:03:165</span>
              <span class="badge fail-bg log float-right">Fail</span>
            </p>
          </div>
          <div class="test-contents d-none">
<div class="detail-head">
<div class="p-v-10">
<div class="info">
<h5 class="test-status text-fail">searchTheDeletedUserAndVerifyTheMessageNoRecordFound</h5>
<span class='badge badge-success'>12.12.2023 21:39:37</span>
<span class='badge badge-danger'>12.12.2023 21:39:41</span>
<span class='badge badge-default'>00:00:03:165</span>
&middot; <span class='uri-anchor badge badge-default'>#test-id=6</span>
<span class='badge badge-default pointer float-right ml-1 et'><i class="fa fa-chevron-down"></i></span>
<span class='badge badge-default pointer float-right ct'><i class="fa fa-chevron-up"></i></span>
</div>
</div>
</div>    <div class="row mb-3"><div class="col-md-3">
<img data-featherlight='C:\Users\nikhi\IdeaProjects\orange-hrm-live-sw-5/test-output/html/searchTheDeletedUserAndVerifyTheMessageNoRecordFoundTue_Dec_12_21_39_41_GMT_2023.jpg' src="C:\Users\nikhi\IdeaProjects\orange-hrm-live-sw-5/test-output/html/searchTheDeletedUserAndVerifyTheMessageNoRecordFoundTue_Dec_12_21_39_41_GMT_2023.jpg">
    
    </div></div>
<div class="detail-body mt-4">
<table class="table table-sm">
  <thead><tr><th class="status-col">Status</th><th class="timestamp-col">Timestamp</th><th class="details-col">Details</th></tr></thead>
  <tbody>
      <tr class="event-row">
        <td><span class="badge log fail-bg">Fail</span></td>
        <td>21:39:40</td>
        <td>
          TEST FAILED IS searchTheDeletedUserAndVerifyTheMessageNoRecordFound
        </td>
      </tr>
      <tr class="event-row">
        <td><span class="badge log fail-bg">Fail</span></td>
        <td>21:39:40</td>
        <td>
          TEST FAILED IS org.openqa.selenium.ElementNotInteractableException: element not interactable
  (Session info: chrome=120.0.6099.71)
Build info: version: '4.15.0', revision: '1d14b5521b'
System info: os.name: 'Windows 11', os.arch: 'amd64', os.version: '10.0', java.version: '17.0.8'
Driver info: org.openqa.selenium.chrome.ChromeDriver
Command: [04f6c0961257d7e47c00b8fb5e61ca75, sendKeysToElement {id=F2C3722941E831704814542AC8A95B7D_element_43, value=[Ljava.lang.CharSequence;@75a118e6}]
Capabilities {acceptInsecureCerts: false, browserName: chrome, browserVersion: 120.0.6099.71, chrome: {chromedriverVersion: 120.0.6099.71 (9729082fe617..., userDataDir: C:\Users\nikhi\AppData\Loca...}, fedcm:accounts: true, goog:chromeOptions: {debuggerAddress: localhost:59882}, networkConnectionEnabled: false, pageLoadStrategy: normal, platformName: windows, proxy: Proxy(), se:cdp: ws://localhost:59882/devtoo..., se:cdpVersion: 120.0.6099.71, setWindowRect: true, strictFileInteractability: false, timeouts: {implicit: 0, pageLoad: 300000, script: 30000}, unhandledPromptBehavior: dismiss and notify, webauthn:extension:credBlob: true, webauthn:extension:largeBlob: true, webauthn:extension:minPinLength: true, webauthn:extension:prf: true, webauthn:virtualAuthenticators: true}
Element: [[ChromeDriver: chrome on windows (04f6c0961257d7e47c00b8fb5e61ca75)] -> xpath: //body/div[@id='app']/div[1]/div[2]/div[2]/div[1]/div[1]/div[2]/form[1]/div[1]/div[1]/div[1]/div[1]/div[2]]
Session ID: 04f6c0961257d7e47c00b8fb5e61ca75
        </td>
      </tr>
  </tbody>
</table>
</div>
          </div>
        </li>
        <li class="test-item"  status="fail" test-id="7"
          author=""
          tag=""
          device="">
          <div class="test-detail">
            <p class="name">searchTheUserCreatedAndVerifyIt</p>
            <p class="text-sm">
              <span>21:39:43</span> / <span>00:00:05:096</span>
              <span class="badge fail-bg log float-right">Fail</span>
            </p>
          </div>
          <div class="test-contents d-none">
<div class="detail-head">
<div class="p-v-10">
<div class="info">
<h5 class="test-status text-fail">searchTheUserCreatedAndVerifyIt</h5>
<span class='badge badge-success'>12.12.2023 21:39:43</span>
<span class='badge badge-danger'>12.12.2023 21:39:48</span>
<span class='badge badge-default'>00:00:05:096</span>
&middot; <span class='uri-anchor badge badge-default'>#test-id=7</span>
<span class='badge badge-default pointer float-right ml-1 et'><i class="fa fa-chevron-down"></i></span>
<span class='badge badge-default pointer float-right ct'><i class="fa fa-chevron-up"></i></span>
</div>
</div>
</div>    <div class="row mb-3"><div class="col-md-3">
<img data-featherlight='C:\Users\nikhi\IdeaProjects\orange-hrm-live-sw-5/test-output/html/searchTheUserCreatedAndVerifyItTue_Dec_12_21_39_48_GMT_2023.jpg' src="C:\Users\nikhi\IdeaProjects\orange-hrm-live-sw-5/test-output/html/searchTheUserCreatedAndVerifyItTue_Dec_12_21_39_48_GMT_2023.jpg">
    
    </div></div>
<div class="detail-body mt-4">
<table class="table table-sm">
  <thead><tr><th class="status-col">Status</th><th class="timestamp-col">Timestamp</th><th class="details-col">Details</th></tr></thead>
  <tbody>
      <tr class="event-row">
        <td><span class="badge log fail-bg">Fail</span></td>
        <td>21:39:48</td>
        <td>
          TEST FAILED IS searchTheUserCreatedAndVerifyIt
        </td>
      </tr>
      <tr class="event-row">
        <td><span class="badge log fail-bg">Fail</span></td>
        <td>21:39:48</td>
        <td>
          TEST FAILED IS org.openqa.selenium.ElementNotInteractableException: element not interactable
  (Session info: chrome=120.0.6099.71)
Build info: version: '4.15.0', revision: '1d14b5521b'
System info: os.name: 'Windows 11', os.arch: 'amd64', os.version: '10.0', java.version: '17.0.8'
Driver info: org.openqa.selenium.chrome.ChromeDriver
Command: [ad9fc62fb203f1a6985105311a70b20a, sendKeysToElement {id=4B1EF044DFC6679CA31901D0AAACBDE8_element_86, value=[Ljava.lang.CharSequence;@9aa2002}]
Capabilities {acceptInsecureCerts: false, browserName: chrome, browserVersion: 120.0.6099.71, chrome: {chromedriverVersion: 120.0.6099.71 (9729082fe617..., userDataDir: C:\Users\nikhi\AppData\Loca...}, fedcm:accounts: true, goog:chromeOptions: {debuggerAddress: localhost:59903}, networkConnectionEnabled: false, pageLoadStrategy: normal, platformName: windows, proxy: Proxy(), se:cdp: ws://localhost:59903/devtoo..., se:cdpVersion: 120.0.6099.71, setWindowRect: true, strictFileInteractability: false, timeouts: {implicit: 0, pageLoad: 300000, script: 30000}, unhandledPromptBehavior: dismiss and notify, webauthn:extension:credBlob: true, webauthn:extension:largeBlob: true, webauthn:extension:minPinLength: true, webauthn:extension:prf: true, webauthn:virtualAuthenticators: true}
Element: [[ChromeDriver: chrome on windows (ad9fc62fb203f1a6985105311a70b20a)] -> xpath: //body/div[@id='app']/div[1]/div[2]/div[2]/div[1]/div[1]/div[2]/form[1]/div[1]/div[1]/div[1]/div[1]/div[2]]
Session ID: ad9fc62fb203f1a6985105311a70b20a
        </td>
      </tr>
  </tbody>
</table>
</div>
          </div>
        </li>
        <li class="test-item"  status="fail" test-id="8"
          author=""
          tag=""
          device="">
          <div class="test-detail">
            <p class="name">verifyThatAdminShouldDeleteTheUserSuccessFully</p>
            <p class="text-sm">
              <span>21:39:52</span> / <span>00:00:03:385</span>
              <span class="badge fail-bg log float-right">Fail</span>
            </p>
          </div>
          <div class="test-contents d-none">
<div class="detail-head">
<div class="p-v-10">
<div class="info">
<h5 class="test-status text-fail">verifyThatAdminShouldDeleteTheUserSuccessFully</h5>
<span class='badge badge-success'>12.12.2023 21:39:52</span>
<span class='badge badge-danger'>12.12.2023 21:39:55</span>
<span class='badge badge-default'>00:00:03:385</span>
&middot; <span class='uri-anchor badge badge-default'>#test-id=8</span>
<span class='badge badge-default pointer float-right ml-1 et'><i class="fa fa-chevron-down"></i></span>
<span class='badge badge-default pointer float-right ct'><i class="fa fa-chevron-up"></i></span>
</div>
</div>
</div>    <div class="row mb-3"><div class="col-md-3">
<img data-featherlight='C:\Users\nikhi\IdeaProjects\orange-hrm-live-sw-5/test-output/html/verifyThatAdminShouldDeleteTheUserSuccessFullyTue_Dec_12_21_39_55_GMT_2023.jpg' src="C:\Users\nikhi\IdeaProjects\orange-hrm-live-sw-5/test-output/html/verifyThatAdminShouldDeleteTheUserSuccessFullyTue_Dec_12_21_39_55_GMT_2023.jpg">
    
    </div></div>
<div class="detail-body mt-4">
<table class="table table-sm">
  <thead><tr><th class="status-col">Status</th><th class="timestamp-col">Timestamp</th><th class="details-col">Details</th></tr></thead>
  <tbody>
      <tr class="event-row">
        <td><span class="badge log fail-bg">Fail</span></td>
        <td>21:39:55</td>
        <td>
          TEST FAILED IS verifyThatAdminShouldDeleteTheUserSuccessFully
        </td>
      </tr>
      <tr class="event-row">
        <td><span class="badge log fail-bg">Fail</span></td>
        <td>21:39:55</td>
        <td>
          TEST FAILED IS org.openqa.selenium.ElementNotInteractableException: element not interactable
  (Session info: chrome=120.0.6099.71)
Build info: version: '4.15.0', revision: '1d14b5521b'
System info: os.name: 'Windows 11', os.arch: 'amd64', os.version: '10.0', java.version: '17.0.8'
Driver info: org.openqa.selenium.chrome.ChromeDriver
Command: [37768dcc8457cfe37acd1a573df18fe0, sendKeysToElement {id=AF912E27121909CD04BD26A29B70E23E_element_40, value=[Ljava.lang.CharSequence;@434514d8}]
Capabilities {acceptInsecureCerts: false, browserName: chrome, browserVersion: 120.0.6099.71, chrome: {chromedriverVersion: 120.0.6099.71 (9729082fe617..., userDataDir: C:\Users\nikhi\AppData\Loca...}, fedcm:accounts: true, goog:chromeOptions: {debuggerAddress: localhost:59928}, networkConnectionEnabled: false, pageLoadStrategy: normal, platformName: windows, proxy: Proxy(), se:cdp: ws://localhost:59928/devtoo..., se:cdpVersion: 120.0.6099.71, setWindowRect: true, strictFileInteractability: false, timeouts: {implicit: 0, pageLoad: 300000, script: 30000}, unhandledPromptBehavior: dismiss and notify, webauthn:extension:credBlob: true, webauthn:extension:largeBlob: true, webauthn:extension:minPinLength: true, webauthn:extension:prf: true, webauthn:virtualAuthenticators: true}
Element: [[ChromeDriver: chrome on windows (37768dcc8457cfe37acd1a573df18fe0)] -> xpath: //body/div[@id='app']/div[1]/div[2]/div[2]/div[1]/div[1]/div[2]/form[1]/div[1]/div[1]/div[1]/div[1]/div[2]]
Session ID: 37768dcc8457cfe37acd1a573df18fe0
        </td>
      </tr>
      <tr class="event-row">
        <td><span class="badge log fail-bg">Fail</span></td>
        <td>21:39:55</td>
        <td>
          TEST FAILED IS verifyErrorMessageWithInvalidCredentials
        </td>
      </tr>
      <tr class="event-row">
        <td><span class="badge log fail-bg">Fail</span></td>
        <td>21:39:55</td>
        <td>
          TEST FAILED IS org.testng.internal.reflect.MethodMatcherException: 
[public void com.orangehrmlive.demo.testsuite.LoginTestWithDataProvider.verifyErrorMessageWithInvalidCredentials(java.lang.String,java.lang.String,java.lang.String)] has no parameters defined but was found to be using a data provider (either explicitly specified or inherited from class level annotation).
Data provider mismatch
Method: verifyErrorMessageWithInvalidCredentials([java.lang.String arg0, java.lang.String arg1, java.lang.String arg2])
Arguments: [(java.lang.String) Admin,(java.lang.String) Admin,(java.lang.String) Paul Collings,(java.lang.String) Enable]
        </td>
      </tr>
  </tbody>
</table>
</div>
          </div>
        </li>
      </ul>
    </div>
  </div>
<div class="test-content scrollable">
<div class="test-content-tools">
<ul><li><a class="back-to-test" href="#"><i class="fa fa-arrow-left"></i></a></li></ul>
</div>
<div class="test-content-detail"><div class="detail-body"></div></div>
</div></div>
<div class="container-fluid p-4 view dashboard-view">
<div class="row">
<div class="col-md-3">
<div class="card"><div class="card-body">
<p class="m-b-0">Started</p>
<h3>Dec 12, 2023 09:38:06 pm</h3>
</div></div>
</div>
<div class="col-md-3">
<div class="card"><div class="card-body">
<p class="m-b-0">Ended</p>
<h3>Dec 12, 2023 09:39:55 pm</h3>
</div></div>
</div>
<div class="col-md-3">
<div class="card"><div class="card-body">
<p class="m-b-0 text-pass">Tests Passed</p>
<h3>0</h3>
</div></div>
</div>
<div class="col-md-3">
<div class="card"><div class="card-body">
<p class="m-b-0 text-fail">Tests Failed</p>
<h3>8</h3>
</div></div>
</div>
</div>
<div class="row">
<div class="col-md-6">
<div class="card">
<div class="card-header">
<h6 class="card-title">Tests</h6>
</div>
<div class="card-body">
<div class="">
<canvas id='parent-analysis' width='115' height='90'></canvas>
</div>
</div>
<div class="card-footer">
<div><small data-tooltip='0%'>
<b>0</b> tests passed
</small>
</div>
<div>
<small data-tooltip='100%'><b>8</b> tests failed,
<b>0</b> skipped, <b data-tooltip='0%'>0</b> others
</small>
</div>
</div>
</div>
</div>
<div class="col-md-6">
<div class="card">
<div class="card-header">
<h6 class="card-title">Log events</h6>
</div>
<div class="card-body">
<div class="">
<canvas id='events-analysis' width='115' height='90'></canvas>
</div>
</div>
<div class="card-footer">
<div><small data-tooltip='0%'><b>0</b> events passed</small></div>
<div>
<small data-tooltip='100%'><b>18</b> events failed,
<b data-tooltip='%'>0</b> others
</small>
</div>
</div>
</div>
</div>
</div>
<div class="row"><div class="col-md-12">
<div class="card"><div class="card-header"><p>Timeline</p></div>
<div class="card-body pt-0"><div>
<canvas id="timeline" height="120"></canvas>
</div></div>
</div>
</div></div>
<script>
var timeline = {
"verifyErrorMessageWithInvalidCredentials":21.078,"verifyThatTheLogoDisplayedOnLoginPage":0.237,"verifyUserShouldLoginSuccessfully":1.937,"verifyUserShouldLogoutSuccessfully":24.583,"adminShouldAddUserSuccessFully":23.775,"searchTheDeletedUserAndVerifyTheMessageNoRecordFound":3.165,"searchTheUserCreatedAndVerifyIt":5.096,"verifyThatAdminShouldDeleteTheUserSuccessFully":3.385
};
</script>
<div class="row">
<div class="col-lg-6 col-md-12 sysenv-container">
<div class="card">
<div class="card-header"><p>System/Environment</p></div>
<div class="card-body pb-0 pt-0"><table class="table table-sm table-bordered">
<thead><tr class="bg-gray"><th>Name</th><th>Value</th></tr></thead>
<tbody>
<tr>
<td>User Name</td>
<td>Nikhil</td>
</tr>
<tr>
<td>Time Zone</td>
<td>Europe/London</td>
</tr>
<tr>
<td>Machine</td>
<td>Windows 1064 Bit</td>
</tr>
<tr>
<td>Selenium</td>
<td>3.141.59</td>
</tr>
<tr>
<td>Maven</td>
<td>3.5.9</td>
</tr>
<tr>
<td>Java Version</td>
<td>1.8.0_151</td>
</tr>
</tbody>
</table></div>
</div>
</div>
</div>
</div>
<script>
var statusGroup = {
parentCount: 5,
passParent: 0,
failParent: 8,
warningParent: 0,
skipParent: 0,
childCount: 5,
passChild: 0,
failChild: 0,
warningChild: 0,
skipChild: 0,
infoChild: 0,
grandChildCount: 5,
passGrandChild: 0,
failGrandChild: 0,
warningGrandChild: 0,
skipGrandChild: 0,
infoGrandChild: 0,
eventsCount: 5,
passEvents: 0,
failEvents: 18,
warningEvents: 0,
skipEvents: 0,
infoEvents: 0
};
</script>        </div>
      </div>
    </div>
  </div>
<script src="https://cdn.jsdelivr.net/gh/extent-framework/extent-github-cdn@d6562a79075e061305ccfdb82f01e5e195e2d307/spark/js/spark-script.js"></script>
<script type="text/javascript"></script></body>
</html>